<?xml version="1.0" encoding="UTF-8" ?>
<testsuite failures="0" time="0.016" errors="0" skipped="0" tests="11" name="pl.nikowis.Date2Age.ConverterTest">
  <properties>
[...]
</properties>
  <testcase time="0.016" classname="pl.nikowis.Date2Age.ConverterTest" name="todayDateGiven2Days"/>
  <testcase time="0" classname="pl.nikowis.Date2Age.ConverterTest" name="todayDateGiven2Hours"/>
  <testcase time="0" classname="pl.nikowis.Date2Age.ConverterTest" name="todayDateGiven2Years"/>
  <testcase time="0" classname="pl.nikowis.Date2Age.ConverterTest" name="todayDateGiven2Seconds"/>
  <testcase time="0" classname="pl.nikowis.Date2Age.ConverterTest" name="futureDateGiven2Days"/>
  <testcase time="0" classname="pl.nikowis.Date2Age.ConverterTest" name="lastYearsDateGiven2Days"/>
  <testcase time="0" classname="pl.nikowis.Date2Age.ConverterTest" name="futureDateGiven2Years"/>
  <testcase time="0" classname="pl.nikowis.Date2Age.ConverterTest" name="normalDateGiven2Years"/>
  <testcase time="0" classname="pl.nikowis.Date2Age.ConverterTest" name="currentMonthsDateGiven2Days"/>
  <testcase time="0" classname="pl.nikowis.Date2Age.ConverterTest" name="todayDateGiven2Minutes"/>
  <testcase time="0" classname="pl.nikowis.Date2Age.ConverterTest" name="leapYearsIncluded2Days"/>
</testsuite>